<?xml version="1.0" encoding="UTF-8"?>
<!-- Generated by org.testng.reporters.JUnitReportReporter -->
<testsuite skipped="0" hostname="DESKTOP-76OICLS" name="appium_project.activity_4" tests="1" failures="0" timestamp="2020-09-26T14:40:18 IST" time="32.461" errors="0">
  <testcase name="google_todolist" time="32.461" classname="appium_project.activity_4"/>
</testsuite> <!-- appium_project.activity_4 -->
