<?xml version="1.0" encoding="UTF-8"?>
<!-- Generated by org.testng.reporters.JUnitReportReporter -->
<testsuite skipped="0" hostname="DESKTOP-76OICLS" name="appium_project.activity_5" tests="1" failures="0" timestamp="2020-09-26T14:40:18 IST" time="34.203" errors="0">
  <testcase name="google_login" time="34.203" classname="appium_project.activity_5"/>
</testsuite> <!-- appium_project.activity_5 -->
