<?xml version="1.0" encoding="UTF-8"?>
<!-- Generated by org.testng.reporters.JUnitReportReporter -->
<testsuite skipped="0" hostname="DESKTOP-76OICLS" name="appium_project.activity_2" tests="1" failures="0" timestamp="2020-09-26T14:40:18 IST" time="10.522" errors="0">
  <testcase name="google_keep" time="10.522" classname="appium_project.activity_2"/>
</testsuite> <!-- appium_project.activity_2 -->
